c:\users\salihpkdmr\source\repos\nokta\nokta\x64\debug\vc143.pdb
c:\users\salihpkdmr\source\repos\nokta\nokta\x64\debug\vc143.idb
c:\users\salihpkdmr\source\repos\nokta\nokta\x64\debug\pointer.obj
c:\users\salihpkdmr\source\repos\nokta\nokta\x64\debug\filename.obj
c:\users\salihpkdmr\source\repos\nokta\nokta\x64\debug\nokta.ilk
c:\users\salihpkdmr\source\repos\nokta\x64\debug\nokta.pdb
c:\users\salihpkdmr\source\repos\nokta\nokta\x64\debug\nokta.tlog\cl.command.1.tlog
c:\users\salihpkdmr\source\repos\nokta\nokta\x64\debug\nokta.tlog\cl.items.tlog
c:\users\salihpkdmr\source\repos\nokta\nokta\x64\debug\nokta.tlog\cl.read.1.tlog
c:\users\salihpkdmr\source\repos\nokta\nokta\x64\debug\nokta.tlog\cl.write.1.tlog
c:\users\salihpkdmr\source\repos\nokta\nokta\x64\debug\nokta.tlog\link-cvtres.read.1.tlog
c:\users\salihpkdmr\source\repos\nokta\nokta\x64\debug\nokta.tlog\link-cvtres.write.1.tlog
c:\users\salihpkdmr\source\repos\nokta\nokta\x64\debug\nokta.tlog\link-rc.read.1.tlog
c:\users\salihpkdmr\source\repos\nokta\nokta\x64\debug\nokta.tlog\link-rc.write.1.tlog
c:\users\salihpkdmr\source\repos\nokta\nokta\x64\debug\nokta.tlog\link.18576-cvtres.read.1.tlog
c:\users\salihpkdmr\source\repos\nokta\nokta\x64\debug\nokta.tlog\link.18576-cvtres.write.1.tlog
c:\users\salihpkdmr\source\repos\nokta\nokta\x64\debug\nokta.tlog\link.18576-rc.read.1.tlog
c:\users\salihpkdmr\source\repos\nokta\nokta\x64\debug\nokta.tlog\link.18576-rc.write.1.tlog
c:\users\salihpkdmr\source\repos\nokta\nokta\x64\debug\nokta.tlog\link.18576.read.1.tlog
c:\users\salihpkdmr\source\repos\nokta\nokta\x64\debug\nokta.tlog\link.18576.read.2.tlog
c:\users\salihpkdmr\source\repos\nokta\nokta\x64\debug\nokta.tlog\link.18576.read.3.tlog
c:\users\salihpkdmr\source\repos\nokta\nokta\x64\debug\nokta.tlog\link.18576.read.4.tlog
c:\users\salihpkdmr\source\repos\nokta\nokta\x64\debug\nokta.tlog\link.18576.write.1.tlog
c:\users\salihpkdmr\source\repos\nokta\nokta\x64\debug\nokta.tlog\link.command.1.tlog
c:\users\salihpkdmr\source\repos\nokta\nokta\x64\debug\nokta.tlog\link.read.1.tlog
c:\users\salihpkdmr\source\repos\nokta\nokta\x64\debug\nokta.tlog\link.read.2.tlog
c:\users\salihpkdmr\source\repos\nokta\nokta\x64\debug\nokta.tlog\link.read.3.tlog
c:\users\salihpkdmr\source\repos\nokta\nokta\x64\debug\nokta.tlog\link.read.4.tlog
c:\users\salihpkdmr\source\repos\nokta\nokta\x64\debug\nokta.tlog\link.secondary.1.tlog
c:\users\salihpkdmr\source\repos\nokta\nokta\x64\debug\nokta.tlog\link.write.1.tlog
